<?xml version="1.0" encoding="UTF-8"?>
<!-- Generated by org.testng.reporters.JUnitReportReporter -->
<testsuite hostname="DocCoKan" failures="0" tests="2" name="Demo.Lab7DemoTest" time="39.709" errors="0" timestamp="2024-07-26T20:57:25 ICT" skipped="0">
  <testcase classname="Demo.Lab7DemoTest" name="TC01_LoginFirstAccount" time="15.202"/>
  <system-out/>
  <testcase classname="Demo.Lab7DemoTest" name="TC01_LoginSecondAccount" time="24.507"/>
  <system-out/>
</testsuite> <!-- Demo.Lab7DemoTest -->
