<?xml version="1.0" encoding="UTF-8"?>
<!-- Generated by org.testng.reporters.JUnitReportReporter -->
<testsuite hostname="DocCoKan" failures="0" tests="7" name="lab8.thuchanh.TC001_baitapthuchanh" time="0.940" errors="0" timestamp="06 Aug 2024 02:51:49 GMT" skipped="0">
  <testcase classname="lab8.thuchanh.TC001_baitapthuchanh" name="testStatusCode" time="0.003"/>
  <testcase classname="lab8.thuchanh.TC001_baitapthuchanh" name="testLastName" time="0.017"/>
  <testcase classname="lab8.thuchanh.TC001_baitapthuchanh" name="testIdMatchingUserId" time="0.018"/>
  <testcase classname="lab8.thuchanh.TC001_baitapthuchanh" name="testFirstName" time="0.023"/>
  <testcase classname="lab8.thuchanh.TC001_baitapthuchanh" name="testId" time="0.018"/>
  <testcase classname="lab8.thuchanh.TC001_baitapthuchanh" name="testEmail" time="0.019"/>
  <testcase classname="lab8.thuchanh.TC001_baitapthuchanh" name="testAvatar" time="0.842"/>
</testsuite> <!-- lab8.thuchanh.TC001_baitapthuchanh -->
